%MSG-i PopCon:   RPCAMCLinkMapPopConAnalyzer:RPCTwinMuxLinkMapPopConAnalyzer@ctor  02-Jan-2020 07:18:21 CET pre-events
This is PopCon (Populator of Condition) v5.0.
Please report any problem and feature request through the JIRA project CMSCONDDB.

%MSG
Begin processing the 1st record. Run 1, Event 1, LumiSection 1 on stream 0 at 02-Jan-2020 07:18:21.137 CET
%MSG-i PopCon:   RPCAMCLinkMapPopConAnalyzer:RPCTwinMuxLinkMapPopConAnalyzer@endJob  02-Jan-2020 07:18:21 CET PostGlobalEndRun
payload name 
%MSG
%MSG-i PopCon:   RPCAMCLinkMapPopConAnalyzer:RPCTwinMuxLinkMapPopConAnalyzer@endJob  02-Jan-2020 07:18:21 CET PostGlobalEndRun
destination DB: sqlite_file:data/RPCLinkMap.db, target DB: sqlite_file:data/RPCLinkMap.db
TAG: RPCTwinMuxLinkMap_v1, last since/till: 1/18446744073709551615, size: 1

%MSG
%MSG-i RPCAMCLinkMapHandler:   RPCAMCLinkMapPopConAnalyzer:RPCTwinMuxLinkMapPopConAnalyzer@endJob  02-Jan-2020 07:18:21 CET PostGlobalEndRun
getNewObjects
%MSG
%MSG-i RPCAMCLinkMapHandler:   RPCAMCLinkMapPopConAnalyzer:RPCTwinMuxLinkMapPopConAnalyzer@endJob  02-Jan-2020 07:18:21 CET PostGlobalEndRun
Fill txtFile
%MSG
%MSG-i RPCAMCLinkMapHandler:   RPCAMCLinkMapPopConAnalyzer:RPCTwinMuxLinkMapPopConAnalyzer@endJob  02-Jan-2020 07:18:21 CET PostGlobalEndRun
Add to transfer list
%MSG
%MSG-i PopCon:   RPCAMCLinkMapPopConAnalyzer:RPCTwinMuxLinkMapPopConAnalyzer@endJob  02-Jan-2020 07:18:21 CET PostGlobalEndRun
Since 1
%MSG
